<?xml version="1.0" encoding="UTF-8"?>
<!-- Generated by org.testng.reporters.JUnitXMLReporter -->
<testsuite ignored="2" hostname="DESKTOP-KOSPCB8" failures="0" tests="3" name="saucedemo" time="33.801" errors="0" timestamp="2023-07-18T15:05:10 IST">
  <testcase classname="automationsaucedemo.LoginPage" name="login" time="8.372"/>
  <testcase classname="automationsaucedemo.addtocarttesting" name="addtocart" time="6.324"/>
  <testcase classname="automationsaucedemo.CheckoutPage" name="checkout" time="16.708"/>
  <testcase classname="automationsaucedemo.driverinitialize" name="@BeforeTest webdriverinitialize" time="0.0">
    <ignored/>
  </testcase> <!-- @BeforeTest webdriverinitialize -->
  <testcase classname="automationsaucedemo.driverinitialize" name="@BeforeTest webdriverinitialize" time="0.0">
    <ignored/>
  </testcase> <!-- @BeforeTest webdriverinitialize -->
</testsuite> <!-- saucedemo -->
