<?xml version="1.0" encoding="UTF-8"?>
<testng-results ignored="0" total="3" passed="3" failed="0" skipped="0">
  <reporter-output>
  </reporter-output>
  <suite started-at="2023-07-18T15:04:36 IST" name="saucedemoproject" finished-at="2023-07-18T15:05:10 IST" duration-ms="33801">
    <groups>
    </groups>
    <test started-at="2023-07-18T15:04:36 IST" name="saucedemo" finished-at="2023-07-18T15:05:10 IST" duration-ms="33801">
      <class name="automationsaucedemo.CheckoutPage">
        <test-method signature="checkout()[pri:0, instance:automationsaucedemo.CheckoutPage@229f66ed]" started-at="2023-07-18T15:04:53 IST" name="checkout" finished-at="2023-07-18T15:05:10 IST" duration-ms="16708" status="PASS">
          <reporter-output>
          </reporter-output>
        </test-method> <!-- checkout -->
      </class> <!-- automationsaucedemo.CheckoutPage -->
      <class name="automationsaucedemo.addtocarttesting">
        <test-method signature="addtocart()[pri:0, instance:automationsaucedemo.addtocarttesting@7dcf94f8]" started-at="2023-07-18T15:04:47 IST" name="addtocart" finished-at="2023-07-18T15:04:53 IST" duration-ms="6324" status="PASS">
          <reporter-output>
          </reporter-output>
        </test-method> <!-- addtocart -->
      </class> <!-- automationsaucedemo.addtocarttesting -->
      <class name="automationsaucedemo.LoginPage">
        <test-method is-config="true" signature="webdriverinitialize()[pri:0, instance:automationsaucedemo.LoginPage@1f2586d6]" started-at="2023-07-18T15:04:36 IST" name="webdriverinitialize" finished-at="2023-07-18T15:04:39 IST" duration-ms="2311" status="PASS">
          <reporter-output>
          </reporter-output>
        </test-method> <!-- webdriverinitialize -->
        <test-method signature="login()[pri:0, instance:automationsaucedemo.LoginPage@1f2586d6]" started-at="2023-07-18T15:04:39 IST" name="login" finished-at="2023-07-18T15:04:47 IST" duration-ms="8372" status="PASS">
          <reporter-output>
          </reporter-output>
        </test-method> <!-- login -->
      </class> <!-- automationsaucedemo.LoginPage -->
    </test> <!-- saucedemo -->
  </suite> <!-- saucedemoproject -->
</testng-results>
